"QUERY PLAN"
"Sort  (cost=1.03..1.04 rows=1 width=82) (actual time=0.053..0.053 rows=1 loops=1)"
"  Sort Key: start_date DESC"
"  Sort Method: quicksort  Memory: 25kB"
"  ->  Seq Scan on booking  (cost=0.00..1.02 rows=1 width=82) (actual time=0.020..0.021 rows=1 loops=1)"
"        Filter: (property_id = 1)"
"        Rows Removed by Filter: 1"
"Planning Time: 3.407 ms"
"Execution Time: 0.098 ms"
