"QUERY PLAN"
"Hash Right Join  (cost=3.22..22.78 rows=690 width=1292) (actual time=0.090..0.096 rows=2 loops=1)"
"  Hash Cond: (pay.booking_id = b.booking_id)"
"  ->  Seq Scan on payment pay  (cost=0.00..16.90 rows=690 width=90) (actual time=0.011..0.011 rows=1 loops=1)"
"  ->  Hash  (cost=3.20..3.20 rows=2 width=1206) (actual time=0.062..0.063 rows=2 loops=1)"
"        Buckets: 1024  Batches: 1  Memory Usage: 9kB"
"        ->  Nested Loop  (cost=0.00..3.20 rows=2 width=1206) (actual time=0.052..0.055 rows=2 loops=1)"
"              Join Filter: (b.user_id = u.user_id)"
"              ->  Nested Loop  (cost=0.00..2.09 rows=2 width=254) (actual time=0.034..0.036 rows=2 loops=1)"
"                    Join Filter: (b.property_id = p.property_id)"
"                    Rows Removed by Join Filter: 1"
"                    ->  Seq Scan on booking b  (cost=0.00..1.02 rows=2 width=36) (actual time=0.017..0.017 rows=2 loops=1)"
"                    ->  Materialize  (cost=0.00..1.03 rows=2 width=222) (actual time=0.008..0.008 rows=2 loops=2)"
"                          ->  Seq Scan on property p  (cost=0.00..1.02 rows=2 width=222) (actual time=0.013..0.014 rows=2 loops=1)"
"              ->  Materialize  (cost=0.00..1.04 rows=3 width=956) (actual time=0.008..0.009 rows=1 loops=2)"
"                    ->  Seq Scan on users u  (cost=0.00..1.03 rows=3 width=956) (actual time=0.011..0.011 rows=1 loops=1)"
"Planning Time: 11.731 ms"
"Execution Time: 0.179 ms"
